<?xml version="1.0" encoding="UTF-8"?>
<!-- Generated by org.testng.reporters.JUnitXMLReporter -->
<testsuite ignored="0" hostname="Roank" failures="0" tests="3" name="Test" time="7.394" errors="0" timestamp="2025-07-24T19:54:42 IST">
  <testcase classname="ExtentReport_Lecture.orangeHRMTest" name="testLogo" time="3.097"/>
  <testcase classname="ExtentReport_Lecture.orangeHRMTest" name="testURL" time="0.022"/>
  <testcase classname="ExtentReport_Lecture.orangeHRMTest" name="testTitle" time="0.015"/>
</testsuite> <!-- Test -->
